time="2021-10-04T13:00:59+02:00" level=info msg="load configuration from file" file=/home/ole/.config/supervisord/supervisord.conf
time="2021-10-04T13:00:59+02:00" level=info msg="create process:clean_xfce_session"
time="2021-10-04T13:00:59+02:00" level=info msg="create process:thunderbird"
time="2021-10-04T13:00:59+02:00" level=info msg="create process:display_setup"
time="2021-10-04T13:00:59+02:00" level=info msg="create process:supercronic"
time="2021-10-04T13:00:59+02:00" level=info msg="create process:webinstaller"
time="2021-10-04T13:00:59+02:00" level=info msg="create process:firefox"
time="2021-10-04T13:00:59+02:00" level=info msg="create process:xsaver"
time="2021-10-04T13:00:59+02:00" level=info msg="create process:reddrift"
time="2021-10-04T13:00:59+02:00" level=info msg="create process:mattermost"
time="2021-10-04T13:00:59+02:00" level=info msg="create process:syncthing"
time="2021-10-04T13:00:59+02:00" level=info msg="create process:xbindkeys"
time="2021-10-04T13:00:59+02:00" level=info msg="create process:rwc"
time="2021-10-04T13:00:59+02:00" level=info msg="create process:slack"
time="2021-10-04T13:00:59+02:00" level=info msg="create process:disable_bluetooth"
time="2021-10-04T13:00:59+02:00" level=info msg="create process:conky"
time="2021-10-04T13:00:59+02:00" level=info msg="stop listening"
time="2021-10-04T13:00:59+02:00" level=debug msg="require authentication"
time="2021-10-04T13:00:59+02:00" level=debug msg="require authentication"
time="2021-10-04T13:00:59+02:00" level=debug msg="require authentication"
time="2021-10-04T13:00:59+02:00" level=debug msg="require authentication"
time="2021-10-04T13:00:59+02:00" level=debug msg="require authentication"
time="2021-10-04T13:00:59+02:00" level=fatal msg="fail to listen on address" addr="127.0.0.1:9001" protocol=tcp
